06-09-2022 03:34:05.650 [Gauge] [DEBUG] Created gauge_screenshots_dir at C:\Dev\workspace\QatarAutomationTest\.gauge\screenshots
06-09-2022 03:34:05.655 [Gauge] [DEBUG] Plugin html-report is already installed.
06-09-2022 03:34:05.657 [Gauge] [DEBUG] Plugin java is already installed.
06-09-2022 03:34:05.658 [Gauge] [DEBUG] Parsing started.
06-09-2022 03:34:05.659 [Gauge] [DEBUG] Started concepts parsing.
06-09-2022 03:34:05.663 [Gauge] [DEBUG] 0 concepts parsing completed.
06-09-2022 03:34:05.663 [Gauge] [DEBUG] Started specifications parsing.
06-09-2022 03:34:05.667 [Gauge] [DEBUG] 1 specifications parsing completed.
06-09-2022 03:34:05.667 [Gauge] [DEBUG] Parsing completed.
06-09-2022 03:34:05.691 [java] [DEBUG] ***** Printing Properties/Env Values *****
06-09-2022 03:34:05.691 [java] [DEBUG] PATH: C:\Program Files (x86)\Common Files\Oracle\Java\javapath;C:\WINDOWS\system32;C:\WINDOWS;C:\WINDOWS\System32\Wbem;C:\WINDOWS\System32\WindowsPowerShell\v1.0\;C:\WINDOWS\System32\OpenSSH\;C:\Dev\tools\git\cmd;C:\Program Files\Gauge\bin;C:\Program Files\nodejs\;C:\Program Files\apache-maven-3.8.6\bin;C:\Users\testinium\AppData\Local\Android\Sdk\platform-tools;C:\Users\testinium\AppData\Local\Android\Sdk\tools;C:\Users\testinium\AppData\Local\Android\Sdk\build-tools;C:\Program Files\Java\jdk1.8.0_341\bin;C:\Dev\gauge\bin;C:\Users\testinium\Documents\gauge\bin;C:\Users\testinium\AppData\Local\Microsoft\WindowsApps;C:\Users\testinium\AppData\Roaming\npm;C:\Users\testinium\AppData\Local\Programs\Microsoft VS Code\bin;C:\Users\testinium\AppData\Roaming\gauge\plugins\screenshot\0.1.0
06-09-2022 03:34:05.691 [java] [DEBUG] JAVA_HOME: C:\Program Files\Java\jdk1.8.0_341
06-09-2022 03:34:05.691 [java] [DEBUG] gauge_project_root: C:\Dev\workspace\QatarAutomationTest
06-09-2022 03:34:05.691 [java] [DEBUG] gauge_parallel_streams_count: 
06-09-2022 03:34:05.691 [java] [DEBUG] gauge_reports_dir: reports
06-09-2022 03:34:05.691 [java] [DEBUG] overwrite_reports: true
06-09-2022 03:34:05.691 [java] [DEBUG] logs_directory: logs
06-09-2022 03:34:05.691 [java] [DEBUG] enable_multithreading: 
06-09-2022 03:34:05.691 [java] [DEBUG] gauge_specs_dir: specs
06-09-2022 03:34:05.691 [java] [DEBUG] csv_delimiter: ,
06-09-2022 03:34:05.691 [java] [DEBUG] gauge_java_home: 
06-09-2022 03:34:05.691 [java] [DEBUG] gauge_custom_build_path: 
06-09-2022 03:34:05.691 [java] [DEBUG] gauge_additional_libs: 
06-09-2022 03:34:05.691 [java] [DEBUG] gauge_jvm_args: 
06-09-2022 03:34:05.691 [java] [DEBUG] gauge_custom_compile_dir: 
06-09-2022 03:34:05.691 [java] [DEBUG] gauge_clear_state_level: 
06-09-2022 03:34:05.691 [java] [DEBUG] ***** END *****
06-09-2022 03:34:06.308 [Gauge] [DEBUG] Checking updates...
06-09-2022 03:34:06.310 [Gauge] [DEBUG] Downloading https://downloads.gauge.org/plugin/html-report?l=java&p=html-report,java,screenshot,spectacle,xml-report&o=windows&a=amd64
06-09-2022 03:34:06.555 [Gauge] [DEBUG] Downloading https://downloads.gauge.org/plugin/java?l=java&p=html-report,java,screenshot,spectacle,xml-report&o=windows&a=amd64
06-09-2022 03:34:06.613 [Gauge] [DEBUG] Downloading https://downloads.gauge.org/plugin/screenshot?l=java&p=html-report,java,screenshot,spectacle,xml-report&o=windows&a=amd64
06-09-2022 03:34:06.669 [Gauge] [DEBUG] Downloading https://downloads.gauge.org/plugin/spectacle?l=java&p=html-report,java,screenshot,spectacle,xml-report&o=windows&a=amd64
06-09-2022 03:34:06.724 [Gauge] [DEBUG] Downloading https://downloads.gauge.org/plugin/xml-report?l=java&p=html-report,java,screenshot,spectacle,xml-report&o=windows&a=amd64
06-09-2022 03:34:09.159 [java] [DEBUG] classpath set to C:\Dev\workspace\QatarAutomationTest\target\test-classes;C:\Dev\workspace\QatarAutomationTest\target\classes;C:\Users\testinium\.m2\repository\com\thoughtworks\gauge\gauge-java\0.9.1\gauge-java-0.9.1.jar;C:\Users\testinium\.m2\repository\org\reflections\reflections\0.10.2\reflections-0.10.2.jar;C:\Users\testinium\.m2\repository\org\javassist\javassist\3.28.0-GA\javassist-3.28.0-GA.jar;C:\Users\testinium\.m2\repository\com\google\code\findbugs\jsr305\3.0.2\jsr305-3.0.2.jar;C:\Users\testinium\.m2\repository\com\github\javaparser\javaparser-core\3.16.3\javaparser-core-3.16.3.jar;C:\Users\testinium\.m2\repository\commons-io\commons-io\2.11.0\commons-io-2.11.0.jar;C:\Users\testinium\.m2\repository\commons-lang\commons-lang\2.6\commons-lang-2.6.jar;C:\Users\testinium\.m2\repository\org\json\json\20220320\json-20220320.jar;C:\Users\testinium\.m2\repository\com\google\protobuf\protobuf-java\3.19.4\protobuf-java-3.19.4.jar;C:\Users\testinium\.m2\repository\com\google\guava\guava\31.0.1-jre\guava-31.0.1-jre.jar;C:\Users\testinium\.m2\repository\com\google\guava\failureaccess\1.0.1\failureaccess-1.0.1.jar;C:\Users\testinium\.m2\repository\com\google\guava\listenablefuture\9999.0-empty-to-avoid-conflict-with-guava\listenablefuture-9999.0-empty-to-avoid-conflict-with-guava.jar;C:\Users\testinium\.m2\repository\org\checkerframework\checker-qual\3.12.0\checker-qual-3.12.0.jar;C:\Users\testinium\.m2\repository\com\google\errorprone\error_prone_annotations\2.7.1\error_prone_annotations-2.7.1.jar;C:\Users\testinium\.m2\repository\com\google\j2objc\j2objc-annotations\1.3\j2objc-annotations-1.3.jar;C:\Users\testinium\.m2\repository\io\grpc\grpc-netty-shaded\1.41.2\grpc-netty-shaded-1.41.2.jar;C:\Users\testinium\.m2\repository\io\perfmark\perfmark-api\0.23.0\perfmark-api-0.23.0.jar;C:\Users\testinium\.m2\repository\io\grpc\grpc-core\1.41.2\grpc-core-1.41.2.jar;C:\Users\testinium\.m2\repository\com\google\android\annotations\4.1.1.4\annotations-4.1.1.4.jar;C:\Users\testinium\.m2\repository\org\codehaus\mojo\animal-sniffer-annotations\1.19\animal-sniffer-annotations-1.19.jar;C:\Users\testinium\.m2\repository\io\grpc\grpc-protobuf\1.41.2\grpc-protobuf-1.41.2.jar;C:\Users\testinium\.m2\repository\io\grpc\grpc-api\1.41.2\grpc-api-1.41.2.jar;C:\Users\testinium\.m2\repository\io\grpc\grpc-context\1.41.2\grpc-context-1.41.2.jar;C:\Users\testinium\.m2\repository\com\google\api\grpc\proto-google-common-protos\2.0.1\proto-google-common-protos-2.0.1.jar;C:\Users\testinium\.m2\repository\io\grpc\grpc-protobuf-lite\1.41.2\grpc-protobuf-lite-1.41.2.jar;C:\Users\testinium\.m2\repository\io\grpc\grpc-stub\1.41.2\grpc-stub-1.41.2.jar;C:\Users\testinium\.m2\repository\javax\annotation\javax.annotation-api\1.3.2\javax.annotation-api-1.3.2.jar;C:\Users\testinium\.m2\repository\org\apache\logging\log4j\log4j-core\2.18.0\log4j-core-2.18.0.jar;C:\Users\testinium\.m2\repository\org\apache\logging\log4j\log4j-api\2.18.0\log4j-api-2.18.0.jar;C:\Users\testinium\.m2\repository\org\assertj\assertj-core\3.10.0\assertj-core-3.10.0.jar;C:\Users\testinium\.m2\repository\junit\junit\4.12\junit-4.12.jar;C:\Users\testinium\.m2\repository\org\hamcrest\hamcrest-core\1.3\hamcrest-core-1.3.jar;C:\Users\testinium\.m2\repository\io\appium\java-client\7.3.0\java-client-7.3.0.jar;C:\Users\testinium\.m2\repository\org\seleniumhq\selenium\selenium-java\3.141.59\selenium-java-3.141.59.jar;C:\Users\testinium\.m2\repository\org\seleniumhq\selenium\selenium-chrome-driver\3.141.59\selenium-chrome-driver-3.141.59.jar;C:\Users\testinium\.m2\repository\org\seleniumhq\selenium\selenium-edge-driver\3.141.59\selenium-edge-driver-3.141.59.jar;C:\Users\testinium\.m2\repository\org\seleniumhq\selenium\selenium-firefox-driver\3.141.59\selenium-firefox-driver-3.141.59.jar;C:\Users\testinium\.m2\repository\org\seleniumhq\selenium\selenium-ie-driver\3.141.59\selenium-ie-driver-3.141.59.jar;C:\Users\testinium\.m2\repository\org\seleniumhq\selenium\selenium-opera-driver\3.141.59\selenium-opera-driver-3.141.59.jar;C:\Users\testinium\.m2\repository\org\seleniumhq\selenium\selenium-remote-driver\3.141.59\selenium-remote-driver-3.141.59.jar;C:\Users\testinium\.m2\repository\org\seleniumhq\selenium\selenium-safari-driver\3.141.59\selenium-safari-driver-3.141.59.jar;C:\Users\testinium\.m2\repository\net\bytebuddy\byte-buddy\1.8.15\byte-buddy-1.8.15.jar;C:\Users\testinium\.m2\repository\org\apache\commons\commons-exec\1.3\commons-exec-1.3.jar;C:\Users\testinium\.m2\repository\com\squareup\okhttp3\okhttp\3.11.0\okhttp-3.11.0.jar;C:\Users\testinium\.m2\repository\com\squareup\okio\okio\1.14.0\okio-1.14.0.jar;C:\Users\testinium\.m2\repository\org\seleniumhq\selenium\selenium-support\3.141.59\selenium-support-3.141.59.jar;C:\Users\testinium\.m2\repository\org\seleniumhq\selenium\selenium-api\3.141.59\selenium-api-3.141.59.jar;C:\Users\testinium\.m2\repository\com\google\code\gson\gson\2.8.5\gson-2.8.5.jar;C:\Users\testinium\.m2\repository\org\apache\httpcomponents\httpclient\4.5.9\httpclient-4.5.9.jar;C:\Users\testinium\.m2\repository\org\apache\httpcomponents\httpcore\4.4.11\httpcore-4.4.11.jar;C:\Users\testinium\.m2\repository\commons-logging\commons-logging\1.2\commons-logging-1.2.jar;C:\Users\testinium\.m2\repository\commons-codec\commons-codec\1.11\commons-codec-1.11.jar;C:\Users\testinium\.m2\repository\cglib\cglib\3.2.12\cglib-3.2.12.jar;C:\Users\testinium\.m2\repository\org\ow2\asm\asm\7.1\asm-7.1.jar;C:\Users\testinium\.m2\repository\commons-validator\commons-validator\1.6\commons-validator-1.6.jar;C:\Users\testinium\.m2\repository\commons-beanutils\commons-beanutils\1.9.2\commons-beanutils-1.9.2.jar;C:\Users\testinium\.m2\repository\commons-digester\commons-digester\1.8.1\commons-digester-1.8.1.jar;C:\Users\testinium\.m2\repository\commons-collections\commons-collections\3.2.2\commons-collections-3.2.2.jar;C:\Users\testinium\.m2\repository\org\apache\commons\commons-lang3\3.9\commons-lang3-3.9.jar;C:\Users\testinium\.m2\repository\org\springframework\spring-context\5.1.8.RELEASE\spring-context-5.1.8.RELEASE.jar;C:\Users\testinium\.m2\repository\org\springframework\spring-aop\5.1.8.RELEASE\spring-aop-5.1.8.RELEASE.jar;C:\Users\testinium\.m2\repository\org\springframework\spring-beans\5.1.8.RELEASE\spring-beans-5.1.8.RELEASE.jar;C:\Users\testinium\.m2\repository\org\springframework\spring-core\5.1.8.RELEASE\spring-core-5.1.8.RELEASE.jar;C:\Users\testinium\.m2\repository\org\springframework\spring-jcl\5.1.8.RELEASE\spring-jcl-5.1.8.RELEASE.jar;C:\Users\testinium\.m2\repository\org\springframework\spring-expression\5.1.8.RELEASE\spring-expression-5.1.8.RELEASE.jar;C:\Users\testinium\.m2\repository\org\aspectj\aspectjweaver\1.9.4\aspectjweaver-1.9.4.jar;C:\Users\testinium\.m2\repository\org\slf4j\slf4j-api\1.7.26\slf4j-api-1.7.26.jar
06-09-2022 03:34:09.218 [java] [DEBUG] found java executable in C:\Program Files\Java\jdk1.8.0_341\jre\bin\java.exe
06-09-2022 03:34:09.218 [java] [DEBUG] running - C:\Program Files\Java\jdk1.8.0_341\jre\bin\java.exe [-Dfile.encoding=UTF-8 com.thoughtworks.gauge.GaugeRuntime --start]
06-09-2022 03:34:09.218 [java] [DEBUG] stdout/stderr is logged to logs\4416-java.exe.out
06-09-2022 03:34:09.482 [java] [DEBUG] multithreading is set to false
06-09-2022 03:34:10.154 [java] [DEBUG] Using reflection to scan dependencies for gauge implementations...
06-09-2022 03:34:15.487 [java] [DEBUG] gauge-java took 5995milliseconds to load and scan. This should be less than 'runner_connection_timeout' config value.
06-09-2022 03:34:15.487 [java] [DEBUG] run 'gauge config runner_connection_timeout' and verify that it is < 5995
06-09-2022 03:34:15.487 [java] [DEBUG] starting gRPC server...
06-09-2022 03:34:16.850 [java] [DEBUG] started gRPC server on port 63815
06-09-2022 03:34:16.850 [Gauge] [DEBUG] Attempting to connect to grpc server at port: 63815
06-09-2022 03:34:16.950 [java] [DEBUG] Scanning packages for steps
06-09-2022 03:34:16.978 [java] [DEBUG] Comparing 'com.qatar.airways.base.StepImplementation.selectEconomyClass' and 'com.qatar.airways.base.StepImplementation.selectEconomyClass'
06-09-2022 03:34:16.978 [java] [DEBUG] Found Select economy class in current project scope.
06-09-2022 03:34:16.978 [java] [DEBUG] Comparing 'com.qatar.airways.base.StepImplementation.checkFlightDateIsCorrect' and 'com.qatar.airways.base.StepImplementation.checkFlightDateIsCorrect'
06-09-2022 03:34:16.978 [java] [DEBUG] Found Check the trip time is correct in current project scope.
06-09-2022 03:34:16.978 [java] [DEBUG] Comparing 'com.qatar.airways.base.StepImplementation.selectOneWay' and 'com.qatar.airways.base.StepImplementation.selectOneWay'
06-09-2022 03:34:16.978 [java] [DEBUG] Found Select One Way trip type in current project scope.
06-09-2022 03:34:16.978 [java] [DEBUG] Comparing 'com.qatar.airways.base.StepImplementation.selectFlyDay' and 'com.qatar.airways.base.StepImplementation.selectFlyDay'
06-09-2022 03:34:16.978 [java] [DEBUG] Found Select Trip Date after 7 days in current project scope.
06-09-2022 03:34:16.978 [java] [DEBUG] Comparing 'com.qatar.airways.base.StepImplementation.checkPageIsLoad' and 'com.qatar.airways.base.StepImplementation.checkPageIsLoad'
06-09-2022 03:34:16.978 [java] [DEBUG] Found Check flight selection page in current project scope.
06-09-2022 03:34:16.978 [java] [DEBUG] Comparing 'com.qatar.airways.base.StepImplementation.selectRandomFlight' and 'com.qatar.airways.base.StepImplementation.selectRandomFlight'
06-09-2022 03:34:16.978 [java] [DEBUG] Found Select random flight in current project scope.
06-09-2022 03:34:16.978 [java] [DEBUG] Comparing 'com.qatar.airways.base.StepImplementation.selectDeparture' and 'com.qatar.airways.base.StepImplementation.selectDeparture'
06-09-2022 03:34:16.978 [java] [DEBUG] Found Select Berlin as departure airport in current project scope.
06-09-2022 03:34:16.978 [java] [DEBUG] Comparing 'com.qatar.airways.base.StepImplementation.selectFlySearch' and 'com.qatar.airways.base.StepImplementation.selectFlySearch'
06-09-2022 03:34:16.978 [java] [DEBUG] Found Click the search button in current project scope.
06-09-2022 03:34:16.978 [java] [DEBUG] Comparing 'com.qatar.airways.base.StepImplementation.appControl' and 'com.qatar.airways.base.StepImplementation.appControl'
06-09-2022 03:34:16.978 [java] [DEBUG] Found Open and check the app in current project scope.
06-09-2022 03:34:16.978 [java] [DEBUG] Comparing 'com.qatar.airways.base.StepImplementation.selectDestination' and 'com.qatar.airways.base.StepImplementation.selectDestination'
06-09-2022 03:34:16.978 [java] [DEBUG] Found Select Istanbul as destionation airport in current project scope.
06-09-2022 03:34:16.984 [java] [DEBUG] Comparing 'com.qatar.airways.base.StepImplementation.skip' and 'com.qatar.airways.base.StepImplementation.skip'
06-09-2022 03:34:16.984 [java] [DEBUG] Found Click Skip in current project scope.
06-09-2022 03:34:16.984 [java] [DEBUG] Comparing 'com.qatar.airways.base.StepImplementation.switchBookTab' and 'com.qatar.airways.base.StepImplementation.switchBookTab'
06-09-2022 03:34:16.984 [java] [DEBUG] Found Go to Book in current project scope.
06-09-2022 03:34:16.984 [java] [DEBUG] Scanning packages for hooks
06-09-2022 03:34:17.139 [java] [DEBUG] Scanned steps (using static parsing + reflections): 
06-09-2022 03:34:17.155 [java] [DEBUG] 	Check the trip time is correct : public void checkFlightDateIsCorrect()
06-09-2022 03:34:17.155 [java] [DEBUG] 	Select One Way trip type : public void selectOneWay()
06-09-2022 03:34:17.155 [java] [DEBUG] 	Click Skip : public void skip() throws InterruptedException
06-09-2022 03:34:17.155 [java] [DEBUG] 	Open and check the app : public void appControl()
06-09-2022 03:34:17.155 [java] [DEBUG] 	Check flight selection page : public void checkPageIsLoad()
06-09-2022 03:34:17.155 [java] [DEBUG] 	Select Trip Date after 7 days : public void selectFlyDay()
06-09-2022 03:34:17.155 [java] [DEBUG] 	Select Istanbul as destionation airport : public void selectDestination()
06-09-2022 03:34:17.155 [java] [DEBUG] 	Select random flight : public void selectRandomFlight()
06-09-2022 03:34:17.155 [java] [DEBUG] 	Select economy class : public void selectEconomyClass()
06-09-2022 03:34:17.155 [java] [DEBUG] 	Go to Book : public void switchBookTab()
06-09-2022 03:34:17.155 [java] [DEBUG] 	Click the search button : public void selectFlySearch()
06-09-2022 03:34:17.155 [java] [DEBUG] 	Select Berlin as departure airport : public void selectDeparture()
06-09-2022 03:34:17.317 [Gauge] [DEBUG] Successfully made the connection with runner with port: 63815
06-09-2022 03:34:17.318 [Gauge] [DEBUG] Validation started.
06-09-2022 03:34:18.913 [Gauge] [DEBUG] Validation completed.
06-09-2022 03:34:18.915 [Gauge] [DEBUG] Run started
06-09-2022 03:34:18.916 [Gauge] [DEBUG] Starting Html Report plugin
06-09-2022 03:34:19.115 [Gauge] [DEBUG] Attempting to connect to grpc server at port: 63818
06-09-2022 03:34:19.123 [Gauge] [DEBUG] Successfully made the connection with plugin with port: 63818
06-09-2022 03:34:19.124 [Gauge] [DEBUG] Initialising suite data store.
06-09-2022 03:34:19.235 [Gauge] [INFO] # Getting Started with Gauge
06-09-2022 03:34:19.319 [Gauge] [INFO] ## Qatar Airways Mobile App Scenario
06-09-2022 03:34:23.239 [Gauge] [ERROR] Error Message: org.openqa.selenium.WebDriverException: Connection refused: connect
Build info: version: '3.141.59', revision: 'e82be7d358', time: '2018-11-14T08:17:03'
System info: host: 'DESKTOP-IQGNORV', ip: '192.168.1.107', os.name: 'Windows 10', os.arch: 'amd64', os.version: '10.0', java.version: '1.8.0_341'
Driver info: driver.version: AndroidDriver
06-09-2022 03:34:23.239 [Gauge] [ERROR] Stacktrace: 
org.openqa.selenium.WebDriverException: Connection refused: connect
Build info: version: '3.141.59', revision: 'e82be7d358', time: '2018-11-14T08:17:03'
System info: host: 'DESKTOP-IQGNORV', ip: '192.168.1.107', os.name: 'Windows 10', os.arch: 'amd64', os.version: '10.0', java.version: '1.8.0_341'
Driver info: driver.version: AndroidDriver
	at io.appium.java_client.remote.AppiumCommandExecutor.lambda$5(AppiumCommandExecutor.java:251)
	at java.util.Optional.orElseGet(Optional.java:267)
	at io.appium.java_client.remote.AppiumCommandExecutor.execute(AppiumCommandExecutor.java:250)
	at org.openqa.selenium.remote.RemoteWebDriver.execute(RemoteWebDriver.java:552)
	at io.appium.java_client.DefaultGenericMobileDriver.execute(DefaultGenericMobileDriver.java:41)
	at io.appium.java_client.AppiumDriver.execute(AppiumDriver.java:1)
	at io.appium.java_client.android.AndroidDriver.execute(AndroidDriver.java:1)
	at org.openqa.selenium.remote.RemoteWebDriver.startSession(RemoteWebDriver.java:213)
	at io.appium.java_client.AppiumDriver.startSession(AppiumDriver.java:336)
	at org.openqa.selenium.remote.RemoteWebDriver.<init>(RemoteWebDriver.java:131)
	at io.appium.java_client.DefaultGenericMobileDriver.<init>(DefaultGenericMobileDriver.java:37)
	at io.appium.java_client.AppiumDriver.<init>(AppiumDriver.java:88)
	at io.appium.java_client.AppiumDriver.<init>(AppiumDriver.java:98)
	at io.appium.java_client.android.AndroidDriver.<init>(AndroidDriver.java:94)
	at com.qatar.airways.base.BaseTest.StarScenario(BaseTest.java:35)
	at sun.reflect.NativeMethodAccessorImpl.invoke0(Native Method)
	at sun.reflect.NativeMethodAccessorImpl.invoke(NativeMethodAccessorImpl.java:62)
	at sun.reflect.DelegatingMethodAccessorImpl.invoke(DelegatingMethodAccessorImpl.java:43)
	at java.lang.reflect.Method.invoke(Method.java:498)
	at com.thoughtworks.gauge.execution.MethodExecutor.execute(MethodExecutor.java:30)
	at com.thoughtworks.gauge.execution.HooksExecutor$TaggedHookExecutor.executeHook(HooksExecutor.java:92)
	at com.thoughtworks.gauge.execution.HooksExecutor$TaggedHookExecutor.execute(HooksExecutor.java:78)
	at com.thoughtworks.gauge.execution.HooksExecutor.execute(HooksExecutor.java:35)
	at com.thoughtworks.gauge.processor.MethodExecutionMessageProcessor.executeHooks(MethodExecutionMessageProcessor.java:55)
	at com.thoughtworks.gauge.processor.ScenarioExecutionStartingProcessor.process(ScenarioExecutionStartingProcessor.java:24)
	at com.thoughtworks.gauge.RunnerServiceHandler.lambda$startScenarioExecution$5(RunnerServiceHandler.java:132)
	at java.util.concurrent.ThreadPoolExecutor.runWorker(ThreadPoolExecutor.java:1149)
	at java.util.concurrent.ThreadPoolExecutor$Worker.run(ThreadPoolExecutor.java:624)
	at java.lang.Thread.run(Thread.java:750)
Caused by: java.net.ConnectException: Connection refused: connect
	at java.net.DualStackPlainSocketImpl.waitForConnect(Native Method)
	at java.net.DualStackPlainSocketImpl.socketConnect(DualStackPlainSocketImpl.java:81)
	at java.net.AbstractPlainSocketImpl.doConnect(AbstractPlainSocketImpl.java:476)
	at java.net.AbstractPlainSocketImpl.connectToAddress(AbstractPlainSocketImpl.java:218)
	at java.net.AbstractPlainSocketImpl.connect(AbstractPlainSocketImpl.java:200)
	at java.net.PlainSocketImpl.connect(PlainSocketImpl.java:162)
	at java.net.SocksSocketImpl.connect(SocksSocketImpl.java:394)
	at java.net.Socket.connect(Socket.java:606)
	at okhttp3.internal.platform.Platform.connectSocket(Platform.java:129)
	at okhttp3.internal.connection.RealConnection.connectSocket(RealConnection.java:245)
	at okhttp3.internal.connection.RealConnection.connect(RealConnection.java:165)
	at okhttp3.internal.connection.StreamAllocation.findConnection(StreamAllocation.java:257)
	at okhttp3.internal.connection.StreamAllocation.findHealthyConnection(StreamAllocation.java:135)
	at okhttp3.internal.connection.StreamAllocation.newStream(StreamAllocation.java:114)
	at okhttp3.internal.connection.ConnectInterceptor.intercept(ConnectInterceptor.java:42)
	at okhttp3.internal.http.RealInterceptorChain.proceed(RealInterceptorChain.java:147)
	at okhttp3.internal.http.RealInterceptorChain.proceed(RealInterceptorChain.java:121)
	at okhttp3.internal.cache.CacheInterceptor.intercept(CacheInterceptor.java:93)
	at okhttp3.internal.http.RealInterceptorChain.proceed(RealInterceptorChain.java:147)
	at okhttp3.internal.http.RealInterceptorChain.proceed(RealInterceptorChain.java:121)
	at okhttp3.internal.http.BridgeInterceptor.intercept(BridgeInterceptor.java:93)
	at okhttp3.internal.http.RealInterceptorChain.proceed(RealInterceptorChain.java:147)
	at okhttp3.internal.http.RetryAndFollowUpInterceptor.intercept(RetryAndFollowUpInterceptor.java:126)
	at okhttp3.internal.http.RealInterceptorChain.proceed(RealInterceptorChain.java:147)
	at okhttp3.internal.http.RealInterceptorChain.proceed(RealInterceptorChain.java:121)
	at okhttp3.RealCall.getResponseWithInterceptorChain(RealCall.java:200)
	at okhttp3.RealCall.execute(RealCall.java:77)
	at org.openqa.selenium.remote.internal.OkHttpClient.execute(OkHttpClient.java:103)
	at org.openqa.selenium.remote.ProtocolHandshake.createSession(ProtocolHandshake.java:105)
	at sun.reflect.NativeMethodAccessorImpl.invoke0(Native Method)
	at sun.reflect.NativeMethodAccessorImpl.invoke(NativeMethodAccessorImpl.java:62)
	at sun.reflect.DelegatingMethodAccessorImpl.invoke(DelegatingMethodAccessorImpl.java:43)
	at java.lang.reflect.Method.invoke(Method.java:498)
	at io.appium.java_client.remote.AppiumCommandExecutor$1.createSession(AppiumCommandExecutor.java:186)
	at io.appium.java_client.remote.AppiumCommandExecutor.createSession(AppiumCommandExecutor.java:217)
	at io.appium.java_client.remote.AppiumCommandExecutor.execute(AppiumCommandExecutor.java:239)
	... 26 more
06-09-2022 03:34:23.240 [Gauge] [ERROR] Error Message: java.lang.NullPointerException
06-09-2022 03:34:23.240 [Gauge] [ERROR] Stacktrace: 
java.lang.NullPointerException
	at com.qatar.airways.base.BaseTest.afterScenario(BaseTest.java:49)
	at sun.reflect.NativeMethodAccessorImpl.invoke0(Native Method)
	at sun.reflect.NativeMethodAccessorImpl.invoke(NativeMethodAccessorImpl.java:62)
	at sun.reflect.DelegatingMethodAccessorImpl.invoke(DelegatingMethodAccessorImpl.java:43)
	at java.lang.reflect.Method.invoke(Method.java:498)
	at com.thoughtworks.gauge.execution.MethodExecutor.execute(MethodExecutor.java:30)
	at com.thoughtworks.gauge.execution.HooksExecutor$TaggedHookExecutor.executeHook(HooksExecutor.java:92)
	at com.thoughtworks.gauge.execution.HooksExecutor$TaggedHookExecutor.execute(HooksExecutor.java:78)
	at com.thoughtworks.gauge.execution.HooksExecutor.execute(HooksExecutor.java:35)
	at com.thoughtworks.gauge.processor.MethodExecutionMessageProcessor.executeHooks(MethodExecutionMessageProcessor.java:55)
	at com.thoughtworks.gauge.processor.ScenarioExecutionEndingProcessor.process(ScenarioExecutionEndingProcessor.java:25)
	at com.thoughtworks.gauge.RunnerServiceHandler.lambda$finishScenarioExecution$9(RunnerServiceHandler.java:200)
	at java.util.concurrent.ThreadPoolExecutor.runWorker(ThreadPoolExecutor.java:1149)
	at java.util.concurrent.ThreadPoolExecutor$Worker.run(ThreadPoolExecutor.java:624)
	at java.lang.Thread.run(Thread.java:750)
06-09-2022 03:34:23.276 [html-report] [DEBUG] Transformed SuiteResult to report structure
06-09-2022 03:34:23.723 [html-report] [INFO] Successfully generated html-report to => C:\Dev\workspace\QatarAutomationTest\reports\html-report\index.html
06-09-2022 03:34:23.724 [html-report] [DEBUG] Done generating HTML report using theme from C:\Users\testinium\AppData\Roaming\gauge\plugins\html-report\4.0.12\themes\default
06-09-2022 03:34:23.727 [Gauge] [DEBUG] Sending kill message to Html Report plugin.
06-09-2022 03:34:23.736 [java] [DEBUG] Killing Java runner...
06-09-2022 03:34:23.738 [java] [DEBUG] Stopping execution pool...
06-09-2022 03:34:23.739 [java] [DEBUG] Shutting down grpc server...
06-09-2022 03:34:23.758 [java] [DEBUG] Runner killed gracefully.
06-09-2022 03:34:24.574 [Gauge] [DEBUG] Runner with PID:4416 has exited
06-09-2022 03:34:24.574 [Gauge] [INFO] Specifications:	1 executed	0 passed	1 failed	0 skipped
06-09-2022 03:34:24.574 [Gauge] [INFO] Scenarios:	1 executed	0 passed	1 failed	0 skipped
06-09-2022 03:34:24.574 [Gauge] [INFO] 
Total time taken: 4.358s
06-09-2022 03:34:24.574 [Gauge] [INFO] Updates are available. Run `gauge update -c` for more info.
